  main.cpp
C:\Users\Alberto\source\repos\GROTESK\GROTESK\src\vk_util.h(27,7): warning C4099: 'DescriptorAllocatorGrowable': type name first seen using 'struct' now seen using 'class'
  (compiling source file 'src/main.cpp')
      C:\Users\Alberto\source\repos\GROTESK\GROTESK\src\vk_descriptors.h(33,8):
      see declaration of 'DescriptorAllocatorGrowable'
  
  vk_descriptors.cpp
C:\Users\Alberto\source\repos\GROTESK\GROTESK\src\vk_util.h(27,7): warning C4099: 'DescriptorAllocatorGrowable': type name first seen using 'struct' now seen using 'class'
  (compiling source file 'src/vk_descriptors.cpp')
      C:\Users\Alberto\source\repos\GROTESK\GROTESK\src\vk_descriptors.h(33,8):
      see declaration of 'DescriptorAllocatorGrowable'
  
C:\Users\Alberto\source\repos\GROTESK\GROTESK\src\vk_descriptors.cpp(104,29): warning C4244: '=': conversion from 'double' to 'uint32_t', possible loss of data
C:\Users\Alberto\source\repos\GROTESK\GROTESK\src\vk_descriptors.cpp(150,24): warning C4244: '=': conversion from 'double' to 'uint32_t', possible loss of data
  vk_engine.cpp
C:\Users\Alberto\source\repos\GROTESK\GROTESK\src\vk_util.h(27,7): warning C4099: 'DescriptorAllocatorGrowable': type name first seen using 'struct' now seen using 'class'
  (compiling source file 'src/vk_engine.cpp')
      C:\Users\Alberto\source\repos\GROTESK\GROTESK\src\vk_descriptors.h(33,8):
      see declaration of 'DescriptorAllocatorGrowable'
  
C:\Users\Alberto\source\repos\GROTESK\GROTESK\src\vk_engine.cpp(102,111): warning C4267: 'argument': conversion from 'size_t' to 'int', possible loss of data
C:\Users\Alberto\source\repos\GROTESK\GROTESK\src\vk_engine.cpp(368,44): warning C4267: '=': conversion from 'size_t' to 'uint32_t', possible loss of data
  vk_images.cpp
C:\Users\Alberto\source\repos\GROTESK\GROTESK\src\vk_util.h(27,7): warning C4099: 'DescriptorAllocatorGrowable': type name first seen using 'struct' now seen using 'class'
  (compiling source file 'src/vk_images.cpp')
      C:\Users\Alberto\source\repos\GROTESK\GROTESK\src\vk_descriptors.h(33,8):
      see declaration of 'DescriptorAllocatorGrowable'
  
  vk_loader.cpp
C:\Users\Alberto\source\repos\GROTESK\GROTESK\src\vk_util.h(27,7): warning C4099: 'DescriptorAllocatorGrowable': type name first seen using 'struct' now seen using 'class'
  (compiling source file 'src/vk_loader.cpp')
      C:\Users\Alberto\source\repos\GROTESK\GROTESK\src\vk_descriptors.h(33,8):
      see declaration of 'DescriptorAllocatorGrowable'
  
C:\Users\Alberto\source\repos\GROTESK\GROTESK\src\vk_loader.cpp(77,29): warning C4267: 'argument': conversion from 'size_t' to '_Ty', possible loss of data
C:\Users\Alberto\source\repos\GROTESK\GROTESK\src\vk_loader.cpp(77,29): warning C4267:         with
C:\Users\Alberto\source\repos\GROTESK\GROTESK\src\vk_loader.cpp(77,29): warning C4267:         [
C:\Users\Alberto\source\repos\GROTESK\GROTESK\src\vk_loader.cpp(77,29): warning C4267:             _Ty=unsigned int
C:\Users\Alberto\source\repos\GROTESK\GROTESK\src\vk_loader.cpp(77,29): warning C4267:         ]
  vk_pipelines.cpp
C:\Users\Alberto\source\repos\GROTESK\GROTESK\src\vk_descriptors.h(33,8): warning C4099: 'DescriptorAllocatorGrowable': type name first seen using 'class' now seen using 'struct'
  (compiling source file 'src/vk_pipelines.cpp')
      C:\Users\Alberto\source\repos\GROTESK\GROTESK\src\vk_descriptors.h(33,8):
      see declaration of 'DescriptorAllocatorGrowable'
  
C:\Users\Alberto\source\repos\GROTESK\GROTESK\src\vk_pipelines.cpp(95,105): warning C4267: '=': conversion from 'size_t' to 'uint32_t', possible loss of data
  vk_renderer.cpp
C:\Users\Alberto\source\repos\GROTESK\GROTESK\src\vk_util.h(27,7): warning C4099: 'DescriptorAllocatorGrowable': type name first seen using 'struct' now seen using 'class'
  (compiling source file 'src/vk_renderer.cpp')
      C:\Users\Alberto\source\repos\GROTESK\GROTESK\src\vk_descriptors.h(33,8):
      see declaration of 'DescriptorAllocatorGrowable'
  
C:\Users\Alberto\source\repos\GROTESK\GROTESK\src\vk_renderer.cpp(553,29): warning C4244: '=': conversion from 'uint32_t' to 'float', possible loss of data
C:\Users\Alberto\source\repos\GROTESK\GROTESK\src\vk_renderer.cpp(554,30): warning C4244: '=': conversion from 'uint32_t' to 'float', possible loss of data
C:\Users\Alberto\source\repos\GROTESK\GROTESK\src\vk_renderer.cpp(563,33): warning C4244: '=': conversion from 'float' to 'uint32_t', possible loss of data
C:\Users\Alberto\source\repos\GROTESK\GROTESK\src\vk_renderer.cpp(564,34): warning C4244: '=': conversion from 'float' to 'uint32_t', possible loss of data
C:\Users\Alberto\source\repos\GROTESK\GROTESK\src\vk_renderer.cpp(643,66): warning C4244: 'argument': conversion from 'double' to 'uint32_t', possible loss of data
C:\Users\Alberto\source\repos\GROTESK\GROTESK\src\vk_renderer.cpp(643,30): warning C4244: 'argument': conversion from 'double' to 'uint32_t', possible loss of data
  vk_util.cpp
  Generating code
  Previous IPDB and IOBJ mismatch, fall back to full compilation.
  All 6890 functions were compiled because no usable IPDB/IOBJ from previous compilation was found.
  Finished generating code
glslang.lib(ShaderLang.obj) : warning LNK4099: PDB 'glslang.pdb' was not found with 'glslang.lib(ShaderLang.obj)' or at 'C:\Users\Alberto\source\repos\GROTESK\x64\Release\glslang.pdb'; linking object as if no debug info
glslang.lib(GlslangToSpv.obj) : warning LNK4099: PDB 'glslang.pdb' was not found with 'glslang.lib(GlslangToSpv.obj)' or at 'C:\Users\Alberto\source\repos\GROTESK\x64\Release\glslang.pdb'; linking object as if no debug info
glslang.lib(PoolAlloc.obj) : warning LNK4099: PDB 'glslang.pdb' was not found with 'glslang.lib(PoolAlloc.obj)' or at 'C:\Users\Alberto\source\repos\GROTESK\x64\Release\glslang.pdb'; linking object as if no debug info
glslang.lib(Versions.obj) : warning LNK4099: PDB 'glslang.pdb' was not found with 'glslang.lib(Versions.obj)' or at 'C:\Users\Alberto\source\repos\GROTESK\x64\Release\glslang.pdb'; linking object as if no debug info
glslang.lib(iomapper.obj) : warning LNK4099: PDB 'glslang.pdb' was not found with 'glslang.lib(iomapper.obj)' or at 'C:\Users\Alberto\source\repos\GROTESK\x64\Release\glslang.pdb'; linking object as if no debug info
glslang.lib(Intermediate.obj) : warning LNK4099: PDB 'glslang.pdb' was not found with 'glslang.lib(Intermediate.obj)' or at 'C:\Users\Alberto\source\repos\GROTESK\x64\Release\glslang.pdb'; linking object as if no debug info
glslang.lib(IntermTraverse.obj) : warning LNK4099: PDB 'glslang.pdb' was not found with 'glslang.lib(IntermTraverse.obj)' or at 'C:\Users\Alberto\source\repos\GROTESK\x64\Release\glslang.pdb'; linking object as if no debug info
glslang.lib(InfoSink.obj) : warning LNK4099: PDB 'glslang.pdb' was not found with 'glslang.lib(InfoSink.obj)' or at 'C:\Users\Alberto\source\repos\GROTESK\x64\Release\glslang.pdb'; linking object as if no debug info
glslang.lib(SymbolTable.obj) : warning LNK4099: PDB 'glslang.pdb' was not found with 'glslang.lib(SymbolTable.obj)' or at 'C:\Users\Alberto\source\repos\GROTESK\x64\Release\glslang.pdb'; linking object as if no debug info
glslang.lib(Scan.obj) : warning LNK4099: PDB 'glslang.pdb' was not found with 'glslang.lib(Scan.obj)' or at 'C:\Users\Alberto\source\repos\GROTESK\x64\Release\glslang.pdb'; linking object as if no debug info
glslang.lib(CodeGen.obj) : warning LNK4099: PDB 'glslang.pdb' was not found with 'glslang.lib(CodeGen.obj)' or at 'C:\Users\Alberto\source\repos\GROTESK\x64\Release\glslang.pdb'; linking object as if no debug info
glslang.lib(Link.obj) : warning LNK4099: PDB 'glslang.pdb' was not found with 'glslang.lib(Link.obj)' or at 'C:\Users\Alberto\source\repos\GROTESK\x64\Release\glslang.pdb'; linking object as if no debug info
glslang.lib(intermOut.obj) : warning LNK4099: PDB 'glslang.pdb' was not found with 'glslang.lib(intermOut.obj)' or at 'C:\Users\Alberto\source\repos\GROTESK\x64\Release\glslang.pdb'; linking object as if no debug info
glslang.lib(linkValidate.obj) : warning LNK4099: PDB 'glslang.pdb' was not found with 'glslang.lib(linkValidate.obj)' or at 'C:\Users\Alberto\source\repos\GROTESK\x64\Release\glslang.pdb'; linking object as if no debug info
glslang.lib(ParseHelper.obj) : warning LNK4099: PDB 'glslang.pdb' was not found with 'glslang.lib(ParseHelper.obj)' or at 'C:\Users\Alberto\source\repos\GROTESK\x64\Release\glslang.pdb'; linking object as if no debug info
glslang.lib(hlslParseHelper.obj) : warning LNK4099: PDB 'glslang.pdb' was not found with 'glslang.lib(hlslParseHelper.obj)' or at 'C:\Users\Alberto\source\repos\GROTESK\x64\Release\glslang.pdb'; linking object as if no debug info
glslang.lib(Initialize.obj) : warning LNK4099: PDB 'glslang.pdb' was not found with 'glslang.lib(Initialize.obj)' or at 'C:\Users\Alberto\source\repos\GROTESK\x64\Release\glslang.pdb'; linking object as if no debug info
glslang.lib(hlslParseables.obj) : warning LNK4099: PDB 'glslang.pdb' was not found with 'glslang.lib(hlslParseables.obj)' or at 'C:\Users\Alberto\source\repos\GROTESK\x64\Release\glslang.pdb'; linking object as if no debug info
glslang.lib(PpContext.obj) : warning LNK4099: PDB 'glslang.pdb' was not found with 'glslang.lib(PpContext.obj)' or at 'C:\Users\Alberto\source\repos\GROTESK\x64\Release\glslang.pdb'; linking object as if no debug info
glslang.lib(PpScanner.obj) : warning LNK4099: PDB 'glslang.pdb' was not found with 'glslang.lib(PpScanner.obj)' or at 'C:\Users\Alberto\source\repos\GROTESK\x64\Release\glslang.pdb'; linking object as if no debug info
glslang.lib(reflection.obj) : warning LNK4099: PDB 'glslang.pdb' was not found with 'glslang.lib(reflection.obj)' or at 'C:\Users\Alberto\source\repos\GROTESK\x64\Release\glslang.pdb'; linking object as if no debug info
glslang.lib(cmake_pch.obj) : warning LNK4099: PDB 'glslang.pdb' was not found with 'glslang.lib(cmake_pch.obj)' or at 'C:\Users\Alberto\source\repos\GROTESK\x64\Release\glslang.pdb'; linking object as if no debug info
glslang.lib(Logger.obj) : warning LNK4099: PDB 'glslang.pdb' was not found with 'glslang.lib(Logger.obj)' or at 'C:\Users\Alberto\source\repos\GROTESK\x64\Release\glslang.pdb'; linking object as if no debug info
glslang.lib(SpvBuilder.obj) : warning LNK4099: PDB 'glslang.pdb' was not found with 'glslang.lib(SpvBuilder.obj)' or at 'C:\Users\Alberto\source\repos\GROTESK\x64\Release\glslang.pdb'; linking object as if no debug info
glslang.lib(SpvPostProcess.obj) : warning LNK4099: PDB 'glslang.pdb' was not found with 'glslang.lib(SpvPostProcess.obj)' or at 'C:\Users\Alberto\source\repos\GROTESK\x64\Release\glslang.pdb'; linking object as if no debug info
glslang.lib(SpvTools.obj) : warning LNK4099: PDB 'glslang.pdb' was not found with 'glslang.lib(SpvTools.obj)' or at 'C:\Users\Alberto\source\repos\GROTESK\x64\Release\glslang.pdb'; linking object as if no debug info
glslang.lib(SpirvIntrinsics.obj) : warning LNK4099: PDB 'glslang.pdb' was not found with 'glslang.lib(SpirvIntrinsics.obj)' or at 'C:\Users\Alberto\source\repos\GROTESK\x64\Release\glslang.pdb'; linking object as if no debug info
glslang.lib(Constant.obj) : warning LNK4099: PDB 'glslang.pdb' was not found with 'glslang.lib(Constant.obj)' or at 'C:\Users\Alberto\source\repos\GROTESK\x64\Release\glslang.pdb'; linking object as if no debug info
glslang.lib(RemoveTree.obj) : warning LNK4099: PDB 'glslang.pdb' was not found with 'glslang.lib(RemoveTree.obj)' or at 'C:\Users\Alberto\source\repos\GROTESK\x64\Release\glslang.pdb'; linking object as if no debug info
glslang.lib(propagateNoContraction.obj) : warning LNK4099: PDB 'glslang.pdb' was not found with 'glslang.lib(propagateNoContraction.obj)' or at 'C:\Users\Alberto\source\repos\GROTESK\x64\Release\glslang.pdb'; linking object as if no debug info
glslang.lib(ParseContextBase.obj) : warning LNK4099: PDB 'glslang.pdb' was not found with 'glslang.lib(ParseContextBase.obj)' or at 'C:\Users\Alberto\source\repos\GROTESK\x64\Release\glslang.pdb'; linking object as if no debug info
glslang.lib(limits.obj) : warning LNK4099: PDB 'glslang.pdb' was not found with 'glslang.lib(limits.obj)' or at 'C:\Users\Alberto\source\repos\GROTESK\x64\Release\glslang.pdb'; linking object as if no debug info
glslang.lib(glslang_tab.obj) : warning LNK4099: PDB 'glslang.pdb' was not found with 'glslang.lib(glslang_tab.obj)' or at 'C:\Users\Alberto\source\repos\GROTESK\x64\Release\glslang.pdb'; linking object as if no debug info
glslang.lib(attribute.obj) : warning LNK4099: PDB 'glslang.pdb' was not found with 'glslang.lib(attribute.obj)' or at 'C:\Users\Alberto\source\repos\GROTESK\x64\Release\glslang.pdb'; linking object as if no debug info
glslang.lib(hlslGrammar.obj) : warning LNK4099: PDB 'glslang.pdb' was not found with 'glslang.lib(hlslGrammar.obj)' or at 'C:\Users\Alberto\source\repos\GROTESK\x64\Release\glslang.pdb'; linking object as if no debug info
glslang.lib(PpAtom.obj) : warning LNK4099: PDB 'glslang.pdb' was not found with 'glslang.lib(PpAtom.obj)' or at 'C:\Users\Alberto\source\repos\GROTESK\x64\Release\glslang.pdb'; linking object as if no debug info
glslang.lib(Pp.obj) : warning LNK4099: PDB 'glslang.pdb' was not found with 'glslang.lib(Pp.obj)' or at 'C:\Users\Alberto\source\repos\GROTESK\x64\Release\glslang.pdb'; linking object as if no debug info
glslang.lib(InReadableOrder.obj) : warning LNK4099: PDB 'glslang.pdb' was not found with 'glslang.lib(InReadableOrder.obj)' or at 'C:\Users\Alberto\source\repos\GROTESK\x64\Release\glslang.pdb'; linking object as if no debug info
glslang.lib(parseConst.obj) : warning LNK4099: PDB 'glslang.pdb' was not found with 'glslang.lib(parseConst.obj)' or at 'C:\Users\Alberto\source\repos\GROTESK\x64\Release\glslang.pdb'; linking object as if no debug info
glslang.lib(hlslAttributes.obj) : warning LNK4099: PDB 'glslang.pdb' was not found with 'glslang.lib(hlslAttributes.obj)' or at 'C:\Users\Alberto\source\repos\GROTESK\x64\Release\glslang.pdb'; linking object as if no debug info
glslang.lib(hlslScanContext.obj) : warning LNK4099: PDB 'glslang.pdb' was not found with 'glslang.lib(hlslScanContext.obj)' or at 'C:\Users\Alberto\source\repos\GROTESK\x64\Release\glslang.pdb'; linking object as if no debug info
glslang.lib(hlslOpMap.obj) : warning LNK4099: PDB 'glslang.pdb' was not found with 'glslang.lib(hlslOpMap.obj)' or at 'C:\Users\Alberto\source\repos\GROTESK\x64\Release\glslang.pdb'; linking object as if no debug info
glslang.lib(hlslTokenStream.obj) : warning LNK4099: PDB 'glslang.pdb' was not found with 'glslang.lib(hlslTokenStream.obj)' or at 'C:\Users\Alberto\source\repos\GROTESK\x64\Release\glslang.pdb'; linking object as if no debug info
glslang.lib(PpTokens.obj) : warning LNK4099: PDB 'glslang.pdb' was not found with 'glslang.lib(PpTokens.obj)' or at 'C:\Users\Alberto\source\repos\GROTESK\x64\Release\glslang.pdb'; linking object as if no debug info
spirv-tools.lib(table.obj) : warning LNK4099: PDB 'SPIRV-Tools.pdb' was not found with 'spirv-tools.lib(table.obj)' or at 'C:\Users\Alberto\source\repos\GROTESK\x64\Release\SPIRV-Tools.pdb'; linking object as if no debug info
spirv-tools.lib(spirv_validator_options.obj) : warning LNK4099: PDB 'SPIRV-Tools.pdb' was not found with 'spirv-tools.lib(spirv_validator_options.obj)' or at 'C:\Users\Alberto\source\repos\GROTESK\x64\Release\SPIRV-Tools.pdb'; linking object as if no debug info
spirv-tools.lib(spirv_optimizer_options.obj) : warning LNK4099: PDB 'SPIRV-Tools.pdb' was not found with 'spirv-tools.lib(spirv_optimizer_options.obj)' or at 'C:\Users\Alberto\source\repos\GROTESK\x64\Release\SPIRV-Tools.pdb'; linking object as if no debug info
spirv-tools.lib(disassemble.obj) : warning LNK4099: PDB 'SPIRV-Tools.pdb' was not found with 'spirv-tools.lib(disassemble.obj)' or at 'C:\Users\Alberto\source\repos\GROTESK\x64\Release\SPIRV-Tools.pdb'; linking object as if no debug info
spirv-tools.lib(validate.obj) : warning LNK4099: PDB 'SPIRV-Tools.pdb' was not found with 'spirv-tools.lib(validate.obj)' or at 'C:\Users\Alberto\source\repos\GROTESK\x64\Release\SPIRV-Tools.pdb'; linking object as if no debug info
spirv-tools.lib(diagnostic.obj) : warning LNK4099: PDB 'SPIRV-Tools.pdb' was not found with 'spirv-tools.lib(diagnostic.obj)' or at 'C:\Users\Alberto\source\repos\GROTESK\x64\Release\SPIRV-Tools.pdb'; linking object as if no debug info
spirv-tools.lib(pch_source.obj) : warning LNK4099: PDB 'SPIRV-Tools.pdb' was not found with 'spirv-tools.lib(pch_source.obj)' or at 'C:\Users\Alberto\source\repos\GROTESK\x64\Release\SPIRV-Tools.pdb'; linking object as if no debug info
spirv-tools.lib(operand.obj) : warning LNK4099: PDB 'SPIRV-Tools.pdb' was not found with 'spirv-tools.lib(operand.obj)' or at 'C:\Users\Alberto\source\repos\GROTESK\x64\Release\SPIRV-Tools.pdb'; linking object as if no debug info
spirv-tools.lib(text.obj) : warning LNK4099: PDB 'SPIRV-Tools.pdb' was not found with 'spirv-tools.lib(text.obj)' or at 'C:\Users\Alberto\source\repos\GROTESK\x64\Release\SPIRV-Tools.pdb'; linking object as if no debug info
spirv-tools.lib(binary.obj) : warning LNK4099: PDB 'SPIRV-Tools.pdb' was not found with 'spirv-tools.lib(binary.obj)' or at 'C:\Users\Alberto\source\repos\GROTESK\x64\Release\SPIRV-Tools.pdb'; linking object as if no debug info
spirv-tools.lib(table2.obj) : warning LNK4099: PDB 'SPIRV-Tools.pdb' was not found with 'spirv-tools.lib(table2.obj)' or at 'C:\Users\Alberto\source\repos\GROTESK\x64\Release\SPIRV-Tools.pdb'; linking object as if no debug info
spirv-tools.lib(name_mapper.obj) : warning LNK4099: PDB 'SPIRV-Tools.pdb' was not found with 'spirv-tools.lib(name_mapper.obj)' or at 'C:\Users\Alberto\source\repos\GROTESK\x64\Release\SPIRV-Tools.pdb'; linking object as if no debug info
spirv-tools.lib(ext_inst.obj) : warning LNK4099: PDB 'SPIRV-Tools.pdb' was not found with 'spirv-tools.lib(ext_inst.obj)' or at 'C:\Users\Alberto\source\repos\GROTESK\x64\Release\SPIRV-Tools.pdb'; linking object as if no debug info
spirv-tools.lib(opcode.obj) : warning LNK4099: PDB 'SPIRV-Tools.pdb' was not found with 'spirv-tools.lib(opcode.obj)' or at 'C:\Users\Alberto\source\repos\GROTESK\x64\Release\SPIRV-Tools.pdb'; linking object as if no debug info
spirv-tools.lib(parsed_operand.obj) : warning LNK4099: PDB 'SPIRV-Tools.pdb' was not found with 'spirv-tools.lib(parsed_operand.obj)' or at 'C:\Users\Alberto\source\repos\GROTESK\x64\Release\SPIRV-Tools.pdb'; linking object as if no debug info
spirv-tools.lib(print.obj) : warning LNK4099: PDB 'SPIRV-Tools.pdb' was not found with 'spirv-tools.lib(print.obj)' or at 'C:\Users\Alberto\source\repos\GROTESK\x64\Release\SPIRV-Tools.pdb'; linking object as if no debug info
spirv-tools.lib(spirv_target_env.obj) : warning LNK4099: PDB 'SPIRV-Tools.pdb' was not found with 'spirv-tools.lib(spirv_target_env.obj)' or at 'C:\Users\Alberto\source\repos\GROTESK\x64\Release\SPIRV-Tools.pdb'; linking object as if no debug info
spirv-tools.lib(extensions.obj) : warning LNK4099: PDB 'SPIRV-Tools.pdb' was not found with 'spirv-tools.lib(extensions.obj)' or at 'C:\Users\Alberto\source\repos\GROTESK\x64\Release\SPIRV-Tools.pdb'; linking object as if no debug info
spirv-tools.lib(function.obj) : warning LNK4099: PDB 'SPIRV-Tools.pdb' was not found with 'spirv-tools.lib(function.obj)' or at 'C:\Users\Alberto\source\repos\GROTESK\x64\Release\SPIRV-Tools.pdb'; linking object as if no debug info
spirv-tools.lib(instruction.obj) : warning LNK4099: PDB 'SPIRV-Tools.pdb' was not found with 'spirv-tools.lib(instruction.obj)' or at 'C:\Users\Alberto\source\repos\GROTESK\x64\Release\SPIRV-Tools.pdb'; linking object as if no debug info
spirv-tools.lib(validation_state.obj) : warning LNK4099: PDB 'SPIRV-Tools.pdb' was not found with 'spirv-tools.lib(validation_state.obj)' or at 'C:\Users\Alberto\source\repos\GROTESK\x64\Release\SPIRV-Tools.pdb'; linking object as if no debug info
spirv-tools.lib(validate_cfg.obj) : warning LNK4099: PDB 'SPIRV-Tools.pdb' was not found with 'spirv-tools.lib(validate_cfg.obj)' or at 'C:\Users\Alberto\source\repos\GROTESK\x64\Release\SPIRV-Tools.pdb'; linking object as if no debug info
spirv-tools.lib(validate_id.obj) : warning LNK4099: PDB 'SPIRV-Tools.pdb' was not found with 'spirv-tools.lib(validate_id.obj)' or at 'C:\Users\Alberto\source\repos\GROTESK\x64\Release\SPIRV-Tools.pdb'; linking object as if no debug info
spirv-tools.lib(validate_adjacency.obj) : warning LNK4099: PDB 'SPIRV-Tools.pdb' was not found with 'spirv-tools.lib(validate_adjacency.obj)' or at 'C:\Users\Alberto\source\repos\GROTESK\x64\Release\SPIRV-Tools.pdb'; linking object as if no debug info
spirv-tools.lib(validate_interfaces.obj) : warning LNK4099: PDB 'SPIRV-Tools.pdb' was not found with 'spirv-tools.lib(validate_interfaces.obj)' or at 'C:\Users\Alberto\source\repos\GROTESK\x64\Release\SPIRV-Tools.pdb'; linking object as if no debug info
spirv-tools.lib(validate_mode_setting.obj) : warning LNK4099: PDB 'SPIRV-Tools.pdb' was not found with 'spirv-tools.lib(validate_mode_setting.obj)' or at 'C:\Users\Alberto\source\repos\GROTESK\x64\Release\SPIRV-Tools.pdb'; linking object as if no debug info
spirv-tools.lib(validate_memory.obj) : warning LNK4099: PDB 'SPIRV-Tools.pdb' was not found with 'spirv-tools.lib(validate_memory.obj)' or at 'C:\Users\Alberto\source\repos\GROTESK\x64\Release\SPIRV-Tools.pdb'; linking object as if no debug info
spirv-tools.lib(validate_layout.obj) : warning LNK4099: PDB 'SPIRV-Tools.pdb' was not found with 'spirv-tools.lib(validate_layout.obj)' or at 'C:\Users\Alberto\source\repos\GROTESK\x64\Release\SPIRV-Tools.pdb'; linking object as if no debug info
spirv-tools.lib(validate_instruction.obj) : warning LNK4099: PDB 'SPIRV-Tools.pdb' was not found with 'spirv-tools.lib(validate_instruction.obj)' or at 'C:\Users\Alberto\source\repos\GROTESK\x64\Release\SPIRV-Tools.pdb'; linking object as if no debug info
spirv-tools.lib(validate_decorations.obj) : warning LNK4099: PDB 'SPIRV-Tools.pdb' was not found with 'spirv-tools.lib(validate_decorations.obj)' or at 'C:\Users\Alberto\source\repos\GROTESK\x64\Release\SPIRV-Tools.pdb'; linking object as if no debug info
spirv-tools.lib(validate_builtins.obj) : warning LNK4099: PDB 'SPIRV-Tools.pdb' was not found with 'spirv-tools.lib(validate_builtins.obj)' or at 'C:\Users\Alberto\source\repos\GROTESK\x64\Release\SPIRV-Tools.pdb'; linking object as if no debug info
spirv-tools.lib(validate_type.obj) : warning LNK4099: PDB 'SPIRV-Tools.pdb' was not found with 'spirv-tools.lib(validate_type.obj)' or at 'C:\Users\Alberto\source\repos\GROTESK\x64\Release\SPIRV-Tools.pdb'; linking object as if no debug info
spirv-tools.lib(validate_constants.obj) : warning LNK4099: PDB 'SPIRV-Tools.pdb' was not found with 'spirv-tools.lib(validate_constants.obj)' or at 'C:\Users\Alberto\source\repos\GROTESK\x64\Release\SPIRV-Tools.pdb'; linking object as if no debug info
spirv-tools.lib(validate_arithmetics.obj) : warning LNK4099: PDB 'SPIRV-Tools.pdb' was not found with 'spirv-tools.lib(validate_arithmetics.obj)' or at 'C:\Users\Alberto\source\repos\GROTESK\x64\Release\SPIRV-Tools.pdb'; linking object as if no debug info
spirv-tools.lib(validate_composites.obj) : warning LNK4099: PDB 'SPIRV-Tools.pdb' was not found with 'spirv-tools.lib(validate_composites.obj)' or at 'C:\Users\Alberto\source\repos\GROTESK\x64\Release\SPIRV-Tools.pdb'; linking object as if no debug info
spirv-tools.lib(validate_conversion.obj) : warning LNK4099: PDB 'SPIRV-Tools.pdb' was not found with 'spirv-tools.lib(validate_conversion.obj)' or at 'C:\Users\Alberto\source\repos\GROTESK\x64\Release\SPIRV-Tools.pdb'; linking object as if no debug info
spirv-tools.lib(validate_derivatives.obj) : warning LNK4099: PDB 'SPIRV-Tools.pdb' was not found with 'spirv-tools.lib(validate_derivatives.obj)' or at 'C:\Users\Alberto\source\repos\GROTESK\x64\Release\SPIRV-Tools.pdb'; linking object as if no debug info
spirv-tools.lib(validate_logicals.obj) : warning LNK4099: PDB 'SPIRV-Tools.pdb' was not found with 'spirv-tools.lib(validate_logicals.obj)' or at 'C:\Users\Alberto\source\repos\GROTESK\x64\Release\SPIRV-Tools.pdb'; linking object as if no debug info
spirv-tools.lib(validate_bitwise.obj) : warning LNK4099: PDB 'SPIRV-Tools.pdb' was not found with 'spirv-tools.lib(validate_bitwise.obj)' or at 'C:\Users\Alberto\source\repos\GROTESK\x64\Release\SPIRV-Tools.pdb'; linking object as if no debug info
spirv-tools.lib(validate_image.obj) : warning LNK4099: PDB 'SPIRV-Tools.pdb' was not found with 'spirv-tools.lib(validate_image.obj)' or at 'C:\Users\Alberto\source\repos\GROTESK\x64\Release\SPIRV-Tools.pdb'; linking object as if no debug info
spirv-tools.lib(validate_atomics.obj) : warning LNK4099: PDB 'SPIRV-Tools.pdb' was not found with 'spirv-tools.lib(validate_atomics.obj)' or at 'C:\Users\Alberto\source\repos\GROTESK\x64\Release\SPIRV-Tools.pdb'; linking object as if no debug info
spirv-tools.lib(validate_barriers.obj) : warning LNK4099: PDB 'SPIRV-Tools.pdb' was not found with 'spirv-tools.lib(validate_barriers.obj)' or at 'C:\Users\Alberto\source\repos\GROTESK\x64\Release\SPIRV-Tools.pdb'; linking object as if no debug info
spirv-tools.lib(validate_literals.obj) : warning LNK4099: PDB 'SPIRV-Tools.pdb' was not found with 'spirv-tools.lib(validate_literals.obj)' or at 'C:\Users\Alberto\source\repos\GROTESK\x64\Release\SPIRV-Tools.pdb'; linking object as if no debug info
spirv-tools.lib(validate_extensions.obj) : warning LNK4099: PDB 'SPIRV-Tools.pdb' was not found with 'spirv-tools.lib(validate_extensions.obj)' or at 'C:\Users\Alberto\source\repos\GROTESK\x64\Release\SPIRV-Tools.pdb'; linking object as if no debug info
spirv-tools.lib(validate_annotation.obj) : warning LNK4099: PDB 'SPIRV-Tools.pdb' was not found with 'spirv-tools.lib(validate_annotation.obj)' or at 'C:\Users\Alberto\source\repos\GROTESK\x64\Release\SPIRV-Tools.pdb'; linking object as if no debug info
spirv-tools.lib(validate_non_uniform.obj) : warning LNK4099: PDB 'SPIRV-Tools.pdb' was not found with 'spirv-tools.lib(validate_non_uniform.obj)' or at 'C:\Users\Alberto\source\repos\GROTESK\x64\Release\SPIRV-Tools.pdb'; linking object as if no debug info
spirv-tools.lib(validate_debug.obj) : warning LNK4099: PDB 'SPIRV-Tools.pdb' was not found with 'spirv-tools.lib(validate_debug.obj)' or at 'C:\Users\Alberto\source\repos\GROTESK\x64\Release\SPIRV-Tools.pdb'; linking object as if no debug info
spirv-tools.lib(validate_capability.obj) : warning LNK4099: PDB 'SPIRV-Tools.pdb' was not found with 'spirv-tools.lib(validate_capability.obj)' or at 'C:\Users\Alberto\source\repos\GROTESK\x64\Release\SPIRV-Tools.pdb'; linking object as if no debug info
spirv-tools.lib(validate_primitives.obj) : warning LNK4099: PDB 'SPIRV-Tools.pdb' was not found with 'spirv-tools.lib(validate_primitives.obj)' or at 'C:\Users\Alberto\source\repos\GROTESK\x64\Release\SPIRV-Tools.pdb'; linking object as if no debug info
spirv-tools.lib(validate_function.obj) : warning LNK4099: PDB 'SPIRV-Tools.pdb' was not found with 'spirv-tools.lib(validate_function.obj)' or at 'C:\Users\Alberto\source\repos\GROTESK\x64\Release\SPIRV-Tools.pdb'; linking object as if no debug info
spirv-tools.lib(validate_misc.obj) : warning LNK4099: PDB 'SPIRV-Tools.pdb' was not found with 'spirv-tools.lib(validate_misc.obj)' or at 'C:\Users\Alberto\source\repos\GROTESK\x64\Release\SPIRV-Tools.pdb'; linking object as if no debug info
spirv-tools.lib(validate_ray_query.obj) : warning LNK4099: PDB 'SPIRV-Tools.pdb' was not found with 'spirv-tools.lib(validate_ray_query.obj)' or at 'C:\Users\Alberto\source\repos\GROTESK\x64\Release\SPIRV-Tools.pdb'; linking object as if no debug info
spirv-tools.lib(validate_ray_tracing.obj) : warning LNK4099: PDB 'SPIRV-Tools.pdb' was not found with 'spirv-tools.lib(validate_ray_tracing.obj)' or at 'C:\Users\Alberto\source\repos\GROTESK\x64\Release\SPIRV-Tools.pdb'; linking object as if no debug info
spirv-tools.lib(validate_ray_tracing_reorder.obj) : warning LNK4099: PDB 'SPIRV-Tools.pdb' was not found with 'spirv-tools.lib(validate_ray_tracing_reorder.obj)' or at 'C:\Users\Alberto\source\repos\GROTESK\x64\Release\SPIRV-Tools.pdb'; linking object as if no debug info
spirv-tools.lib(validate_mesh_shading.obj) : warning LNK4099: PDB 'SPIRV-Tools.pdb' was not found with 'spirv-tools.lib(validate_mesh_shading.obj)' or at 'C:\Users\Alberto\source\repos\GROTESK\x64\Release\SPIRV-Tools.pdb'; linking object as if no debug info
spirv-tools.lib(validate_tensor.obj) : warning LNK4099: PDB 'SPIRV-Tools.pdb' was not found with 'spirv-tools.lib(validate_tensor.obj)' or at 'C:\Users\Alberto\source\repos\GROTESK\x64\Release\SPIRV-Tools.pdb'; linking object as if no debug info
spirv-tools.lib(validate_invalid_type.obj) : warning LNK4099: PDB 'SPIRV-Tools.pdb' was not found with 'spirv-tools.lib(validate_invalid_type.obj)' or at 'C:\Users\Alberto\source\repos\GROTESK\x64\Release\SPIRV-Tools.pdb'; linking object as if no debug info
spirv-tools.lib(validate_tensor_layout.obj) : warning LNK4099: PDB 'SPIRV-Tools.pdb' was not found with 'spirv-tools.lib(validate_tensor_layout.obj)' or at 'C:\Users\Alberto\source\repos\GROTESK\x64\Release\SPIRV-Tools.pdb'; linking object as if no debug info
spirv-tools.lib(validate_execution_limitations.obj) : warning LNK4099: PDB 'SPIRV-Tools.pdb' was not found with 'spirv-tools.lib(validate_execution_limitations.obj)' or at 'C:\Users\Alberto\source\repos\GROTESK\x64\Release\SPIRV-Tools.pdb'; linking object as if no debug info
spirv-tools.lib(validate_small_type_uses.obj) : warning LNK4099: PDB 'SPIRV-Tools.pdb' was not found with 'spirv-tools.lib(validate_small_type_uses.obj)' or at 'C:\Users\Alberto\source\repos\GROTESK\x64\Release\SPIRV-Tools.pdb'; linking object as if no debug info
spirv-tools.lib(spirv_endian.obj) : warning LNK4099: PDB 'SPIRV-Tools.pdb' was not found with 'spirv-tools.lib(spirv_endian.obj)' or at 'C:\Users\Alberto\source\repos\GROTESK\x64\Release\SPIRV-Tools.pdb'; linking object as if no debug info
spirv-tools.lib(assembly_grammar.obj) : warning LNK4099: PDB 'SPIRV-Tools.pdb' was not found with 'spirv-tools.lib(assembly_grammar.obj)' or at 'C:\Users\Alberto\source\repos\GROTESK\x64\Release\SPIRV-Tools.pdb'; linking object as if no debug info
spirv-tools.lib(text_handler.obj) : warning LNK4099: PDB 'SPIRV-Tools.pdb' was not found with 'spirv-tools.lib(text_handler.obj)' or at 'C:\Users\Alberto\source\repos\GROTESK\x64\Release\SPIRV-Tools.pdb'; linking object as if no debug info
spirv-tools.lib(to_string.obj) : warning LNK4099: PDB 'SPIRV-Tools.pdb' was not found with 'spirv-tools.lib(to_string.obj)' or at 'C:\Users\Alberto\source\repos\GROTESK\x64\Release\SPIRV-Tools.pdb'; linking object as if no debug info
spirv-tools.lib(basic_block.obj) : warning LNK4099: PDB 'SPIRV-Tools.pdb' was not found with 'spirv-tools.lib(basic_block.obj)' or at 'C:\Users\Alberto\source\repos\GROTESK\x64\Release\SPIRV-Tools.pdb'; linking object as if no debug info
spirv-tools.lib(construct.obj) : warning LNK4099: PDB 'SPIRV-Tools.pdb' was not found with 'spirv-tools.lib(construct.obj)' or at 'C:\Users\Alberto\source\repos\GROTESK\x64\Release\SPIRV-Tools.pdb'; linking object as if no debug info
spirv-tools.lib(validate_scopes.obj) : warning LNK4099: PDB 'SPIRV-Tools.pdb' was not found with 'spirv-tools.lib(validate_scopes.obj)' or at 'C:\Users\Alberto\source\repos\GROTESK\x64\Release\SPIRV-Tools.pdb'; linking object as if no debug info
spirv-tools.lib(string_utils.obj) : warning LNK4099: PDB 'SPIRV-Tools.pdb' was not found with 'spirv-tools.lib(string_utils.obj)' or at 'C:\Users\Alberto\source\repos\GROTESK\x64\Release\SPIRV-Tools.pdb'; linking object as if no debug info
spirv-tools.lib(validate_memory_semantics.obj) : warning LNK4099: PDB 'SPIRV-Tools.pdb' was not found with 'spirv-tools.lib(validate_memory_semantics.obj)' or at 'C:\Users\Alberto\source\repos\GROTESK\x64\Release\SPIRV-Tools.pdb'; linking object as if no debug info
spirv-tools.lib(parse_number.obj) : warning LNK4099: PDB 'SPIRV-Tools.pdb' was not found with 'spirv-tools.lib(parse_number.obj)' or at 'C:\Users\Alberto\source\repos\GROTESK\x64\Release\SPIRV-Tools.pdb'; linking object as if no debug info
spirv-tools-opt.lib(optimizer.obj) : warning LNK4099: PDB 'SPIRV-Tools-opt.pdb' was not found with 'spirv-tools-opt.lib(optimizer.obj)' or at 'C:\Users\Alberto\source\repos\GROTESK\x64\Release\SPIRV-Tools-opt.pdb'; linking object as if no debug info
spirv-tools-opt.lib(module.obj) : warning LNK4099: PDB 'SPIRV-Tools-opt.pdb' was not found with 'spirv-tools-opt.lib(module.obj)' or at 'C:\Users\Alberto\source\repos\GROTESK\x64\Release\SPIRV-Tools-opt.pdb'; linking object as if no debug info
spirv-tools-opt.lib(loop_descriptor.obj) : warning LNK4099: PDB 'SPIRV-Tools-opt.pdb' was not found with 'spirv-tools-opt.lib(loop_descriptor.obj)' or at 'C:\Users\Alberto\source\repos\GROTESK\x64\Release\SPIRV-Tools-opt.pdb'; linking object as if no debug info
spirv-tools-opt.lib(pass.obj) : warning LNK4099: PDB 'SPIRV-Tools-opt.pdb' was not found with 'spirv-tools-opt.lib(pass.obj)' or at 'C:\Users\Alberto\source\repos\GROTESK\x64\Release\SPIRV-Tools-opt.pdb'; linking object as if no debug info
spirv-tools-opt.lib(mem_pass.obj) : warning LNK4099: PDB 'SPIRV-Tools-opt.pdb' was not found with 'spirv-tools-opt.lib(mem_pass.obj)' or at 'C:\Users\Alberto\source\repos\GROTESK\x64\Release\SPIRV-Tools-opt.pdb'; linking object as if no debug info
spirv-tools-opt.lib(build_module.obj) : warning LNK4099: PDB 'SPIRV-Tools-opt.pdb' was not found with 'spirv-tools-opt.lib(build_module.obj)' or at 'C:\Users\Alberto\source\repos\GROTESK\x64\Release\SPIRV-Tools-opt.pdb'; linking object as if no debug info
spirv-tools-opt.lib(graphics_robust_access_pass.obj) : warning LNK4099: PDB 'SPIRV-Tools-opt.pdb' was not found with 'spirv-tools-opt.lib(graphics_robust_access_pass.obj)' or at 'C:\Users\Alberto\source\repos\GROTESK\x64\Release\SPIRV-Tools-opt.pdb'; linking object as if no debug info
spirv-tools-opt.lib(pass_manager.obj) : warning LNK4099: PDB 'SPIRV-Tools-opt.pdb' was not found with 'spirv-tools-opt.lib(pass_manager.obj)' or at 'C:\Users\Alberto\source\repos\GROTESK\x64\Release\SPIRV-Tools-opt.pdb'; linking object as if no debug info
spirv-tools-opt.lib(aggressive_dead_code_elim_pass.obj) : warning LNK4099: PDB 'SPIRV-Tools-opt.pdb' was not found with 'spirv-tools-opt.lib(aggressive_dead_code_elim_pass.obj)' or at 'C:\Users\Alberto\source\repos\GROTESK\x64\Release\SPIRV-Tools-opt.pdb'; linking object as if no debug info
spirv-tools-opt.lib(amd_ext_to_khr.obj) : warning LNK4099: PDB 'SPIRV-Tools-opt.pdb' was not found with 'spirv-tools-opt.lib(amd_ext_to_khr.obj)' or at 'C:\Users\Alberto\source\repos\GROTESK\x64\Release\SPIRV-Tools-opt.pdb'; linking object as if no debug info
spirv-tools-opt.lib(analyze_live_input_pass.obj) : warning LNK4099: PDB 'SPIRV-Tools-opt.pdb' was not found with 'spirv-tools-opt.lib(analyze_live_input_pass.obj)' or at 'C:\Users\Alberto\source\repos\GROTESK\x64\Release\SPIRV-Tools-opt.pdb'; linking object as if no debug info
spirv-tools-opt.lib(block_merge_pass.obj) : warning LNK4099: PDB 'SPIRV-Tools-opt.pdb' was not found with 'spirv-tools-opt.lib(block_merge_pass.obj)' or at 'C:\Users\Alberto\source\repos\GROTESK\x64\Release\SPIRV-Tools-opt.pdb'; linking object as if no debug info
spirv-tools-opt.lib(canonicalize_ids_pass.obj) : warning LNK4099: PDB 'SPIRV-Tools-opt.pdb' was not found with 'spirv-tools-opt.lib(canonicalize_ids_pass.obj)' or at 'C:\Users\Alberto\source\repos\GROTESK\x64\Release\SPIRV-Tools-opt.pdb'; linking object as if no debug info
spirv-tools-opt.lib(ccp_pass.obj) : warning LNK4099: PDB 'SPIRV-Tools-opt.pdb' was not found with 'spirv-tools-opt.lib(ccp_pass.obj)' or at 'C:\Users\Alberto\source\repos\GROTESK\x64\Release\SPIRV-Tools-opt.pdb'; linking object as if no debug info
spirv-tools-opt.lib(cfg_cleanup_pass.obj) : warning LNK4099: PDB 'SPIRV-Tools-opt.pdb' was not found with 'spirv-tools-opt.lib(cfg_cleanup_pass.obj)' or at 'C:\Users\Alberto\source\repos\GROTESK\x64\Release\SPIRV-Tools-opt.pdb'; linking object as if no debug info
spirv-tools-opt.lib(code_sink.obj) : warning LNK4099: PDB 'SPIRV-Tools-opt.pdb' was not found with 'spirv-tools-opt.lib(code_sink.obj)' or at 'C:\Users\Alberto\source\repos\GROTESK\x64\Release\SPIRV-Tools-opt.pdb'; linking object as if no debug info
spirv-tools-opt.lib(combine_access_chains.obj) : warning LNK4099: PDB 'SPIRV-Tools-opt.pdb' was not found with 'spirv-tools-opt.lib(combine_access_chains.obj)' or at 'C:\Users\Alberto\source\repos\GROTESK\x64\Release\SPIRV-Tools-opt.pdb'; linking object as if no debug info
spirv-tools-opt.lib(compact_ids_pass.obj) : warning LNK4099: PDB 'SPIRV-Tools-opt.pdb' was not found with 'spirv-tools-opt.lib(compact_ids_pass.obj)' or at 'C:\Users\Alberto\source\repos\GROTESK\x64\Release\SPIRV-Tools-opt.pdb'; linking object as if no debug info
spirv-tools-opt.lib(convert_to_half_pass.obj) : warning LNK4099: PDB 'SPIRV-Tools-opt.pdb' was not found with 'spirv-tools-opt.lib(convert_to_half_pass.obj)' or at 'C:\Users\Alberto\source\repos\GROTESK\x64\Release\SPIRV-Tools-opt.pdb'; linking object as if no debug info
spirv-tools-opt.lib(convert_to_sampled_image_pass.obj) : warning LNK4099: PDB 'SPIRV-Tools-opt.pdb' was not found with 'spirv-tools-opt.lib(convert_to_sampled_image_pass.obj)' or at 'C:\Users\Alberto\source\repos\GROTESK\x64\Release\SPIRV-Tools-opt.pdb'; linking object as if no debug info
spirv-tools-opt.lib(copy_prop_arrays.obj) : warning LNK4099: PDB 'SPIRV-Tools-opt.pdb' was not found with 'spirv-tools-opt.lib(copy_prop_arrays.obj)' or at 'C:\Users\Alberto\source\repos\GROTESK\x64\Release\SPIRV-Tools-opt.pdb'; linking object as if no debug info
spirv-tools-opt.lib(dead_branch_elim_pass.obj) : warning LNK4099: PDB 'SPIRV-Tools-opt.pdb' was not found with 'spirv-tools-opt.lib(dead_branch_elim_pass.obj)' or at 'C:\Users\Alberto\source\repos\GROTESK\x64\Release\SPIRV-Tools-opt.pdb'; linking object as if no debug info
spirv-tools-opt.lib(dead_insert_elim_pass.obj) : warning LNK4099: PDB 'SPIRV-Tools-opt.pdb' was not found with 'spirv-tools-opt.lib(dead_insert_elim_pass.obj)' or at 'C:\Users\Alberto\source\repos\GROTESK\x64\Release\SPIRV-Tools-opt.pdb'; linking object as if no debug info
spirv-tools-opt.lib(dead_variable_elimination.obj) : warning LNK4099: PDB 'SPIRV-Tools-opt.pdb' was not found with 'spirv-tools-opt.lib(dead_variable_elimination.obj)' or at 'C:\Users\Alberto\source\repos\GROTESK\x64\Release\SPIRV-Tools-opt.pdb'; linking object as if no debug info
spirv-tools-opt.lib(desc_sroa.obj) : warning LNK4099: PDB 'SPIRV-Tools-opt.pdb' was not found with 'spirv-tools-opt.lib(desc_sroa.obj)' or at 'C:\Users\Alberto\source\repos\GROTESK\x64\Release\SPIRV-Tools-opt.pdb'; linking object as if no debug info
spirv-tools-opt.lib(eliminate_dead_constant_pass.obj) : warning LNK4099: PDB 'SPIRV-Tools-opt.pdb' was not found with 'spirv-tools-opt.lib(eliminate_dead_constant_pass.obj)' or at 'C:\Users\Alberto\source\repos\GROTESK\x64\Release\SPIRV-Tools-opt.pdb'; linking object as if no debug info
spirv-tools-opt.lib(eliminate_dead_functions_pass.obj) : warning LNK4099: PDB 'SPIRV-Tools-opt.pdb' was not found with 'spirv-tools-opt.lib(eliminate_dead_functions_pass.obj)' or at 'C:\Users\Alberto\source\repos\GROTESK\x64\Release\SPIRV-Tools-opt.pdb'; linking object as if no debug info
spirv-tools-opt.lib(eliminate_dead_io_components_pass.obj) : warning LNK4099: PDB 'SPIRV-Tools-opt.pdb' was not found with 'spirv-tools-opt.lib(eliminate_dead_io_components_pass.obj)' or at 'C:\Users\Alberto\source\repos\GROTESK\x64\Release\SPIRV-Tools-opt.pdb'; linking object as if no debug info
spirv-tools-opt.lib(eliminate_dead_members_pass.obj) : warning LNK4099: PDB 'SPIRV-Tools-opt.pdb' was not found with 'spirv-tools-opt.lib(eliminate_dead_members_pass.obj)' or at 'C:\Users\Alberto\source\repos\GROTESK\x64\Release\SPIRV-Tools-opt.pdb'; linking object as if no debug info
spirv-tools-opt.lib(eliminate_dead_output_stores_pass.obj) : warning LNK4099: PDB 'SPIRV-Tools-opt.pdb' was not found with 'spirv-tools-opt.lib(eliminate_dead_output_stores_pass.obj)' or at 'C:\Users\Alberto\source\repos\GROTESK\x64\Release\SPIRV-Tools-opt.pdb'; linking object as if no debug info
spirv-tools-opt.lib(fix_func_call_arguments.obj) : warning LNK4099: PDB 'SPIRV-Tools-opt.pdb' was not found with 'spirv-tools-opt.lib(fix_func_call_arguments.obj)' or at 'C:\Users\Alberto\source\repos\GROTESK\x64\Release\SPIRV-Tools-opt.pdb'; linking object as if no debug info
spirv-tools-opt.lib(fix_storage_class.obj) : warning LNK4099: PDB 'SPIRV-Tools-opt.pdb' was not found with 'spirv-tools-opt.lib(fix_storage_class.obj)' or at 'C:\Users\Alberto\source\repos\GROTESK\x64\Release\SPIRV-Tools-opt.pdb'; linking object as if no debug info
spirv-tools-opt.lib(flatten_decoration_pass.obj) : warning LNK4099: PDB 'SPIRV-Tools-opt.pdb' was not found with 'spirv-tools-opt.lib(flatten_decoration_pass.obj)' or at 'C:\Users\Alberto\source\repos\GROTESK\x64\Release\SPIRV-Tools-opt.pdb'; linking object as if no debug info
spirv-tools-opt.lib(fold_spec_constant_op_and_composite_pass.obj) : warning LNK4099: PDB 'SPIRV-Tools-opt.pdb' was not found with 'spirv-tools-opt.lib(fold_spec_constant_op_and_composite_pass.obj)' or at 'C:\Users\Alberto\source\repos\GROTESK\x64\Release\SPIRV-Tools-opt.pdb'; linking object as if no debug info
spirv-tools-opt.lib(freeze_spec_constant_value_pass.obj) : warning LNK4099: PDB 'SPIRV-Tools-opt.pdb' was not found with 'spirv-tools-opt.lib(freeze_spec_constant_value_pass.obj)' or at 'C:\Users\Alberto\source\repos\GROTESK\x64\Release\SPIRV-Tools-opt.pdb'; linking object as if no debug info
spirv-tools-opt.lib(if_conversion.obj) : warning LNK4099: PDB 'SPIRV-Tools-opt.pdb' was not found with 'spirv-tools-opt.lib(if_conversion.obj)' or at 'C:\Users\Alberto\source\repos\GROTESK\x64\Release\SPIRV-Tools-opt.pdb'; linking object as if no debug info
spirv-tools-opt.lib(inline_exhaustive_pass.obj) : warning LNK4099: PDB 'SPIRV-Tools-opt.pdb' was not found with 'spirv-tools-opt.lib(inline_exhaustive_pass.obj)' or at 'C:\Users\Alberto\source\repos\GROTESK\x64\Release\SPIRV-Tools-opt.pdb'; linking object as if no debug info
spirv-tools-opt.lib(inline_opaque_pass.obj) : warning LNK4099: PDB 'SPIRV-Tools-opt.pdb' was not found with 'spirv-tools-opt.lib(inline_opaque_pass.obj)' or at 'C:\Users\Alberto\source\repos\GROTESK\x64\Release\SPIRV-Tools-opt.pdb'; linking object as if no debug info
spirv-tools-opt.lib(interface_var_sroa.obj) : warning LNK4099: PDB 'SPIRV-Tools-opt.pdb' was not found with 'spirv-tools-opt.lib(interface_var_sroa.obj)' or at 'C:\Users\Alberto\source\repos\GROTESK\x64\Release\SPIRV-Tools-opt.pdb'; linking object as if no debug info
spirv-tools-opt.lib(interp_fixup_pass.obj) : warning LNK4099: PDB 'SPIRV-Tools-opt.pdb' was not found with 'spirv-tools-opt.lib(interp_fixup_pass.obj)' or at 'C:\Users\Alberto\source\repos\GROTESK\x64\Release\SPIRV-Tools-opt.pdb'; linking object as if no debug info
spirv-tools-opt.lib(invocation_interlock_placement_pass.obj) : warning LNK4099: PDB 'SPIRV-Tools-opt.pdb' was not found with 'spirv-tools-opt.lib(invocation_interlock_placement_pass.obj)' or at 'C:\Users\Alberto\source\repos\GROTESK\x64\Release\SPIRV-Tools-opt.pdb'; linking object as if no debug info
spirv-tools-opt.lib(licm_pass.obj) : warning LNK4099: PDB 'SPIRV-Tools-opt.pdb' was not found with 'spirv-tools-opt.lib(licm_pass.obj)' or at 'C:\Users\Alberto\source\repos\GROTESK\x64\Release\SPIRV-Tools-opt.pdb'; linking object as if no debug info
spirv-tools-opt.lib(local_access_chain_convert_pass.obj) : warning LNK4099: PDB 'SPIRV-Tools-opt.pdb' was not found with 'spirv-tools-opt.lib(local_access_chain_convert_pass.obj)' or at 'C:\Users\Alberto\source\repos\GROTESK\x64\Release\SPIRV-Tools-opt.pdb'; linking object as if no debug info
spirv-tools-opt.lib(local_redundancy_elimination.obj) : warning LNK4099: PDB 'SPIRV-Tools-opt.pdb' was not found with 'spirv-tools-opt.lib(local_redundancy_elimination.obj)' or at 'C:\Users\Alberto\source\repos\GROTESK\x64\Release\SPIRV-Tools-opt.pdb'; linking object as if no debug info
spirv-tools-opt.lib(local_single_block_elim_pass.obj) : warning LNK4099: PDB 'SPIRV-Tools-opt.pdb' was not found with 'spirv-tools-opt.lib(local_single_block_elim_pass.obj)' or at 'C:\Users\Alberto\source\repos\GROTESK\x64\Release\SPIRV-Tools-opt.pdb'; linking object as if no debug info
spirv-tools-opt.lib(local_single_store_elim_pass.obj) : warning LNK4099: PDB 'SPIRV-Tools-opt.pdb' was not found with 'spirv-tools-opt.lib(local_single_store_elim_pass.obj)' or at 'C:\Users\Alberto\source\repos\GROTESK\x64\Release\SPIRV-Tools-opt.pdb'; linking object as if no debug info
spirv-tools-opt.lib(loop_fission.obj) : warning LNK4099: PDB 'SPIRV-Tools-opt.pdb' was not found with 'spirv-tools-opt.lib(loop_fission.obj)' or at 'C:\Users\Alberto\source\repos\GROTESK\x64\Release\SPIRV-Tools-opt.pdb'; linking object as if no debug info
spirv-tools-opt.lib(loop_fusion_pass.obj) : warning LNK4099: PDB 'SPIRV-Tools-opt.pdb' was not found with 'spirv-tools-opt.lib(loop_fusion_pass.obj)' or at 'C:\Users\Alberto\source\repos\GROTESK\x64\Release\SPIRV-Tools-opt.pdb'; linking object as if no debug info
spirv-tools-opt.lib(loop_peeling.obj) : warning LNK4099: PDB 'SPIRV-Tools-opt.pdb' was not found with 'spirv-tools-opt.lib(loop_peeling.obj)' or at 'C:\Users\Alberto\source\repos\GROTESK\x64\Release\SPIRV-Tools-opt.pdb'; linking object as if no debug info
spirv-tools-opt.lib(loop_unroller.obj) : warning LNK4099: PDB 'SPIRV-Tools-opt.pdb' was not found with 'spirv-tools-opt.lib(loop_unroller.obj)' or at 'C:\Users\Alberto\source\repos\GROTESK\x64\Release\SPIRV-Tools-opt.pdb'; linking object as if no debug info
spirv-tools-opt.lib(loop_unswitch_pass.obj) : warning LNK4099: PDB 'SPIRV-Tools-opt.pdb' was not found with 'spirv-tools-opt.lib(loop_unswitch_pass.obj)' or at 'C:\Users\Alberto\source\repos\GROTESK\x64\Release\SPIRV-Tools-opt.pdb'; linking object as if no debug info
spirv-tools-opt.lib(merge_return_pass.obj) : warning LNK4099: PDB 'SPIRV-Tools-opt.pdb' was not found with 'spirv-tools-opt.lib(merge_return_pass.obj)' or at 'C:\Users\Alberto\source\repos\GROTESK\x64\Release\SPIRV-Tools-opt.pdb'; linking object as if no debug info
spirv-tools-opt.lib(modify_maximal_reconvergence.obj) : warning LNK4099: PDB 'SPIRV-Tools-opt.pdb' was not found with 'spirv-tools-opt.lib(modify_maximal_reconvergence.obj)' or at 'C:\Users\Alberto\source\repos\GROTESK\x64\Release\SPIRV-Tools-opt.pdb'; linking object as if no debug info
spirv-tools-opt.lib(opextinst_forward_ref_fixup_pass.obj) : warning LNK4099: PDB 'SPIRV-Tools-opt.pdb' was not found with 'spirv-tools-opt.lib(opextinst_forward_ref_fixup_pass.obj)' or at 'C:\Users\Alberto\source\repos\GROTESK\x64\Release\SPIRV-Tools-opt.pdb'; linking object as if no debug info
spirv-tools-opt.lib(private_to_local_pass.obj) : warning LNK4099: PDB 'SPIRV-Tools-opt.pdb' was not found with 'spirv-tools-opt.lib(private_to_local_pass.obj)' or at 'C:\Users\Alberto\source\repos\GROTESK\x64\Release\SPIRV-Tools-opt.pdb'; linking object as if no debug info
spirv-tools-opt.lib(reduce_load_size.obj) : warning LNK4099: PDB 'SPIRV-Tools-opt.pdb' was not found with 'spirv-tools-opt.lib(reduce_load_size.obj)' or at 'C:\Users\Alberto\source\repos\GROTESK\x64\Release\SPIRV-Tools-opt.pdb'; linking object as if no debug info
spirv-tools-opt.lib(redundancy_elimination.obj) : warning LNK4099: PDB 'SPIRV-Tools-opt.pdb' was not found with 'spirv-tools-opt.lib(redundancy_elimination.obj)' or at 'C:\Users\Alberto\source\repos\GROTESK\x64\Release\SPIRV-Tools-opt.pdb'; linking object as if no debug info
spirv-tools-opt.lib(relax_float_ops_pass.obj) : warning LNK4099: PDB 'SPIRV-Tools-opt.pdb' was not found with 'spirv-tools-opt.lib(relax_float_ops_pass.obj)' or at 'C:\Users\Alberto\source\repos\GROTESK\x64\Release\SPIRV-Tools-opt.pdb'; linking object as if no debug info
spirv-tools-opt.lib(remove_dontinline_pass.obj) : warning LNK4099: PDB 'SPIRV-Tools-opt.pdb' was not found with 'spirv-tools-opt.lib(remove_dontinline_pass.obj)' or at 'C:\Users\Alberto\source\repos\GROTESK\x64\Release\SPIRV-Tools-opt.pdb'; linking object as if no debug info
spirv-tools-opt.lib(remove_duplicates_pass.obj) : warning LNK4099: PDB 'SPIRV-Tools-opt.pdb' was not found with 'spirv-tools-opt.lib(remove_duplicates_pass.obj)' or at 'C:\Users\Alberto\source\repos\GROTESK\x64\Release\SPIRV-Tools-opt.pdb'; linking object as if no debug info
spirv-tools-opt.lib(remove_unused_interface_variables_pass.obj) : warning LNK4099: PDB 'SPIRV-Tools-opt.pdb' was not found with 'spirv-tools-opt.lib(remove_unused_interface_variables_pass.obj)' or at 'C:\Users\Alberto\source\repos\GROTESK\x64\Release\SPIRV-Tools-opt.pdb'; linking object as if no debug info
spirv-tools-opt.lib(replace_desc_array_access_using_var_index.obj) : warning LNK4099: PDB 'SPIRV-Tools-opt.pdb' was not found with 'spirv-tools-opt.lib(replace_desc_array_access_using_var_index.obj)' or at 'C:\Users\Alberto\source\repos\GROTESK\x64\Release\SPIRV-Tools-opt.pdb'; linking object as if no debug info
spirv-tools-opt.lib(replace_invalid_opc.obj) : warning LNK4099: PDB 'SPIRV-Tools-opt.pdb' was not found with 'spirv-tools-opt.lib(replace_invalid_opc.obj)' or at 'C:\Users\Alberto\source\repos\GROTESK\x64\Release\SPIRV-Tools-opt.pdb'; linking object as if no debug info
spirv-tools-opt.lib(resolve_binding_conflicts_pass.obj) : warning LNK4099: PDB 'SPIRV-Tools-opt.pdb' was not found with 'spirv-tools-opt.lib(resolve_binding_conflicts_pass.obj)' or at 'C:\Users\Alberto\source\repos\GROTESK\x64\Release\SPIRV-Tools-opt.pdb'; linking object as if no debug info
spirv-tools-opt.lib(scalar_replacement_pass.obj) : warning LNK4099: PDB 'SPIRV-Tools-opt.pdb' was not found with 'spirv-tools-opt.lib(scalar_replacement_pass.obj)' or at 'C:\Users\Alberto\source\repos\GROTESK\x64\Release\SPIRV-Tools-opt.pdb'; linking object as if no debug info
spirv-tools-opt.lib(set_spec_constant_default_value_pass.obj) : warning LNK4099: PDB 'SPIRV-Tools-opt.pdb' was not found with 'spirv-tools-opt.lib(set_spec_constant_default_value_pass.obj)' or at 'C:\Users\Alberto\source\repos\GROTESK\x64\Release\SPIRV-Tools-opt.pdb'; linking object as if no debug info
spirv-tools-opt.lib(simplification_pass.obj) : warning LNK4099: PDB 'SPIRV-Tools-opt.pdb' was not found with 'spirv-tools-opt.lib(simplification_pass.obj)' or at 'C:\Users\Alberto\source\repos\GROTESK\x64\Release\SPIRV-Tools-opt.pdb'; linking object as if no debug info
spirv-tools-opt.lib(split_combined_image_sampler_pass.obj) : warning LNK4099: PDB 'SPIRV-Tools-opt.pdb' was not found with 'spirv-tools-opt.lib(split_combined_image_sampler_pass.obj)' or at 'C:\Users\Alberto\source\repos\GROTESK\x64\Release\SPIRV-Tools-opt.pdb'; linking object as if no debug info
spirv-tools-opt.lib(spread_volatile_semantics.obj) : warning LNK4099: PDB 'SPIRV-Tools-opt.pdb' was not found with 'spirv-tools-opt.lib(spread_volatile_semantics.obj)' or at 'C:\Users\Alberto\source\repos\GROTESK\x64\Release\SPIRV-Tools-opt.pdb'; linking object as if no debug info
spirv-tools-opt.lib(ssa_rewrite_pass.obj) : warning LNK4099: PDB 'SPIRV-Tools-opt.pdb' was not found with 'spirv-tools-opt.lib(ssa_rewrite_pass.obj)' or at 'C:\Users\Alberto\source\repos\GROTESK\x64\Release\SPIRV-Tools-opt.pdb'; linking object as if no debug info
spirv-tools-opt.lib(strength_reduction_pass.obj) : warning LNK4099: PDB 'SPIRV-Tools-opt.pdb' was not found with 'spirv-tools-opt.lib(strength_reduction_pass.obj)' or at 'C:\Users\Alberto\source\repos\GROTESK\x64\Release\SPIRV-Tools-opt.pdb'; linking object as if no debug info
spirv-tools-opt.lib(strip_debug_info_pass.obj) : warning LNK4099: PDB 'SPIRV-Tools-opt.pdb' was not found with 'spirv-tools-opt.lib(strip_debug_info_pass.obj)' or at 'C:\Users\Alberto\source\repos\GROTESK\x64\Release\SPIRV-Tools-opt.pdb'; linking object as if no debug info
spirv-tools-opt.lib(strip_nonsemantic_info_pass.obj) : warning LNK4099: PDB 'SPIRV-Tools-opt.pdb' was not found with 'spirv-tools-opt.lib(strip_nonsemantic_info_pass.obj)' or at 'C:\Users\Alberto\source\repos\GROTESK\x64\Release\SPIRV-Tools-opt.pdb'; linking object as if no debug info
spirv-tools-opt.lib(struct_packing_pass.obj) : warning LNK4099: PDB 'SPIRV-Tools-opt.pdb' was not found with 'spirv-tools-opt.lib(struct_packing_pass.obj)' or at 'C:\Users\Alberto\source\repos\GROTESK\x64\Release\SPIRV-Tools-opt.pdb'; linking object as if no debug info
spirv-tools-opt.lib(switch_descriptorset_pass.obj) : warning LNK4099: PDB 'SPIRV-Tools-opt.pdb' was not found with 'spirv-tools-opt.lib(switch_descriptorset_pass.obj)' or at 'C:\Users\Alberto\source\repos\GROTESK\x64\Release\SPIRV-Tools-opt.pdb'; linking object as if no debug info
spirv-tools-opt.lib(trim_capabilities_pass.obj) : warning LNK4099: PDB 'SPIRV-Tools-opt.pdb' was not found with 'spirv-tools-opt.lib(trim_capabilities_pass.obj)' or at 'C:\Users\Alberto\source\repos\GROTESK\x64\Release\SPIRV-Tools-opt.pdb'; linking object as if no debug info
spirv-tools-opt.lib(unify_const_pass.obj) : warning LNK4099: PDB 'SPIRV-Tools-opt.pdb' was not found with 'spirv-tools-opt.lib(unify_const_pass.obj)' or at 'C:\Users\Alberto\source\repos\GROTESK\x64\Release\SPIRV-Tools-opt.pdb'; linking object as if no debug info
spirv-tools-opt.lib(upgrade_memory_model.obj) : warning LNK4099: PDB 'SPIRV-Tools-opt.pdb' was not found with 'spirv-tools-opt.lib(upgrade_memory_model.obj)' or at 'C:\Users\Alberto\source\repos\GROTESK\x64\Release\SPIRV-Tools-opt.pdb'; linking object as if no debug info
spirv-tools-opt.lib(vector_dce.obj) : warning LNK4099: PDB 'SPIRV-Tools-opt.pdb' was not found with 'spirv-tools-opt.lib(vector_dce.obj)' or at 'C:\Users\Alberto\source\repos\GROTESK\x64\Release\SPIRV-Tools-opt.pdb'; linking object as if no debug info
spirv-tools-opt.lib(workaround1209.obj) : warning LNK4099: PDB 'SPIRV-Tools-opt.pdb' was not found with 'spirv-tools-opt.lib(workaround1209.obj)' or at 'C:\Users\Alberto\source\repos\GROTESK\x64\Release\SPIRV-Tools-opt.pdb'; linking object as if no debug info
spirv-tools-opt.lib(wrap_opkill.obj) : warning LNK4099: PDB 'SPIRV-Tools-opt.pdb' was not found with 'spirv-tools-opt.lib(wrap_opkill.obj)' or at 'C:\Users\Alberto\source\repos\GROTESK\x64\Release\SPIRV-Tools-opt.pdb'; linking object as if no debug info
spirv-tools-opt.lib(pch_source_opt.obj) : warning LNK4099: PDB 'SPIRV-Tools-opt.pdb' was not found with 'spirv-tools-opt.lib(pch_source_opt.obj)' or at 'C:\Users\Alberto\source\repos\GROTESK\x64\Release\SPIRV-Tools-opt.pdb'; linking object as if no debug info
spirv-tools-opt.lib(instruction.obj) : warning LNK4099: PDB 'SPIRV-Tools-opt.pdb' was not found with 'spirv-tools-opt.lib(instruction.obj)' or at 'C:\Users\Alberto\source\repos\GROTESK\x64\Release\SPIRV-Tools-opt.pdb'; linking object as if no debug info
spirv-tools-opt.lib(function.obj) : warning LNK4099: PDB 'SPIRV-Tools-opt.pdb' was not found with 'spirv-tools-opt.lib(function.obj)' or at 'C:\Users\Alberto\source\repos\GROTESK\x64\Release\SPIRV-Tools-opt.pdb'; linking object as if no debug info
spirv-tools-opt.lib(types.obj) : warning LNK4099: PDB 'SPIRV-Tools-opt.pdb' was not found with 'spirv-tools-opt.lib(types.obj)' or at 'C:\Users\Alberto\source\repos\GROTESK\x64\Release\SPIRV-Tools-opt.pdb'; linking object as if no debug info
spirv-tools-opt.lib(type_manager.obj) : warning LNK4099: PDB 'SPIRV-Tools-opt.pdb' was not found with 'spirv-tools-opt.lib(type_manager.obj)' or at 'C:\Users\Alberto\source\repos\GROTESK\x64\Release\SPIRV-Tools-opt.pdb'; linking object as if no debug info
spirv-tools-opt.lib(feature_manager.obj) : warning LNK4099: PDB 'SPIRV-Tools-opt.pdb' was not found with 'spirv-tools-opt.lib(feature_manager.obj)' or at 'C:\Users\Alberto\source\repos\GROTESK\x64\Release\SPIRV-Tools-opt.pdb'; linking object as if no debug info
spirv-tools-opt.lib(basic_block.obj) : warning LNK4099: PDB 'SPIRV-Tools-opt.pdb' was not found with 'spirv-tools-opt.lib(basic_block.obj)' or at 'C:\Users\Alberto\source\repos\GROTESK\x64\Release\SPIRV-Tools-opt.pdb'; linking object as if no debug info
spirv-tools-opt.lib(def_use_manager.obj) : warning LNK4099: PDB 'SPIRV-Tools-opt.pdb' was not found with 'spirv-tools-opt.lib(def_use_manager.obj)' or at 'C:\Users\Alberto\source\repos\GROTESK\x64\Release\SPIRV-Tools-opt.pdb'; linking object as if no debug info
spirv-tools-opt.lib(cfg.obj) : warning LNK4099: PDB 'SPIRV-Tools-opt.pdb' was not found with 'spirv-tools-opt.lib(cfg.obj)' or at 'C:\Users\Alberto\source\repos\GROTESK\x64\Release\SPIRV-Tools-opt.pdb'; linking object as if no debug info
spirv-tools-opt.lib(constants.obj) : warning LNK4099: PDB 'SPIRV-Tools-opt.pdb' was not found with 'spirv-tools-opt.lib(constants.obj)' or at 'C:\Users\Alberto\source\repos\GROTESK\x64\Release\SPIRV-Tools-opt.pdb'; linking object as if no debug info
spirv-tools-opt.lib(dominator_tree.obj) : warning LNK4099: PDB 'SPIRV-Tools-opt.pdb' was not found with 'spirv-tools-opt.lib(dominator_tree.obj)' or at 'C:\Users\Alberto\source\repos\GROTESK\x64\Release\SPIRV-Tools-opt.pdb'; linking object as if no debug info
spirv-tools-opt.lib(ir_context.obj) : warning LNK4099: PDB 'SPIRV-Tools-opt.pdb' was not found with 'spirv-tools-opt.lib(ir_context.obj)' or at 'C:\Users\Alberto\source\repos\GROTESK\x64\Release\SPIRV-Tools-opt.pdb'; linking object as if no debug info
spirv-tools-opt.lib(instruction_list.obj) : warning LNK4099: PDB 'SPIRV-Tools-opt.pdb' was not found with 'spirv-tools-opt.lib(instruction_list.obj)' or at 'C:\Users\Alberto\source\repos\GROTESK\x64\Release\SPIRV-Tools-opt.pdb'; linking object as if no debug info
spirv-tools-opt.lib(ir_loader.obj) : warning LNK4099: PDB 'SPIRV-Tools-opt.pdb' was not found with 'spirv-tools-opt.lib(ir_loader.obj)' or at 'C:\Users\Alberto\source\repos\GROTESK\x64\Release\SPIRV-Tools-opt.pdb'; linking object as if no debug info
spirv-tools-opt.lib(decoration_manager.obj) : warning LNK4099: PDB 'SPIRV-Tools-opt.pdb' was not found with 'spirv-tools-opt.lib(decoration_manager.obj)' or at 'C:\Users\Alberto\source\repos\GROTESK\x64\Release\SPIRV-Tools-opt.pdb'; linking object as if no debug info
spirv-tools-opt.lib(debug_info_manager.obj) : warning LNK4099: PDB 'SPIRV-Tools-opt.pdb' was not found with 'spirv-tools-opt.lib(debug_info_manager.obj)' or at 'C:\Users\Alberto\source\repos\GROTESK\x64\Release\SPIRV-Tools-opt.pdb'; linking object as if no debug info
spirv-tools-opt.lib(struct_cfg_analysis.obj) : warning LNK4099: PDB 'SPIRV-Tools-opt.pdb' was not found with 'spirv-tools-opt.lib(struct_cfg_analysis.obj)' or at 'C:\Users\Alberto\source\repos\GROTESK\x64\Release\SPIRV-Tools-opt.pdb'; linking object as if no debug info
spirv-tools-opt.lib(eliminate_dead_functions_util.obj) : warning LNK4099: PDB 'SPIRV-Tools-opt.pdb' was not found with 'spirv-tools-opt.lib(eliminate_dead_functions_util.obj)' or at 'C:\Users\Alberto\source\repos\GROTESK\x64\Release\SPIRV-Tools-opt.pdb'; linking object as if no debug info
spirv-tools-opt.lib(const_folding_rules.obj) : warning LNK4099: PDB 'SPIRV-Tools-opt.pdb' was not found with 'spirv-tools-opt.lib(const_folding_rules.obj)' or at 'C:\Users\Alberto\source\repos\GROTESK\x64\Release\SPIRV-Tools-opt.pdb'; linking object as if no debug info
spirv-tools-opt.lib(folding_rules.obj) : warning LNK4099: PDB 'SPIRV-Tools-opt.pdb' was not found with 'spirv-tools-opt.lib(folding_rules.obj)' or at 'C:\Users\Alberto\source\repos\GROTESK\x64\Release\SPIRV-Tools-opt.pdb'; linking object as if no debug info
spirv-tools-opt.lib(fold.obj) : warning LNK4099: PDB 'SPIRV-Tools-opt.pdb' was not found with 'spirv-tools-opt.lib(fold.obj)' or at 'C:\Users\Alberto\source\repos\GROTESK\x64\Release\SPIRV-Tools-opt.pdb'; linking object as if no debug info
spirv-tools-opt.lib(liveness.obj) : warning LNK4099: PDB 'SPIRV-Tools-opt.pdb' was not found with 'spirv-tools-opt.lib(liveness.obj)' or at 'C:\Users\Alberto\source\repos\GROTESK\x64\Release\SPIRV-Tools-opt.pdb'; linking object as if no debug info
spirv-tools-opt.lib(block_merge_util.obj) : warning LNK4099: PDB 'SPIRV-Tools-opt.pdb' was not found with 'spirv-tools-opt.lib(block_merge_util.obj)' or at 'C:\Users\Alberto\source\repos\GROTESK\x64\Release\SPIRV-Tools-opt.pdb'; linking object as if no debug info
spirv-tools-opt.lib(propagator.obj) : warning LNK4099: PDB 'SPIRV-Tools-opt.pdb' was not found with 'spirv-tools-opt.lib(propagator.obj)' or at 'C:\Users\Alberto\source\repos\GROTESK\x64\Release\SPIRV-Tools-opt.pdb'; linking object as if no debug info
spirv-tools-opt.lib(dominator_analysis.obj) : warning LNK4099: PDB 'SPIRV-Tools-opt.pdb' was not found with 'spirv-tools-opt.lib(dominator_analysis.obj)' or at 'C:\Users\Alberto\source\repos\GROTESK\x64\Release\SPIRV-Tools-opt.pdb'; linking object as if no debug info
spirv-tools-opt.lib(composite.obj) : warning LNK4099: PDB 'SPIRV-Tools-opt.pdb' was not found with 'spirv-tools-opt.lib(composite.obj)' or at 'C:\Users\Alberto\source\repos\GROTESK\x64\Release\SPIRV-Tools-opt.pdb'; linking object as if no debug info
spirv-tools-opt.lib(desc_sroa_util.obj) : warning LNK4099: PDB 'SPIRV-Tools-opt.pdb' was not found with 'spirv-tools-opt.lib(desc_sroa_util.obj)' or at 'C:\Users\Alberto\source\repos\GROTESK\x64\Release\SPIRV-Tools-opt.pdb'; linking object as if no debug info
spirv-tools-opt.lib(value_number_table.obj) : warning LNK4099: PDB 'SPIRV-Tools-opt.pdb' was not found with 'spirv-tools-opt.lib(value_number_table.obj)' or at 'C:\Users\Alberto\source\repos\GROTESK\x64\Release\SPIRV-Tools-opt.pdb'; linking object as if no debug info
spirv-tools-opt.lib(inline_pass.obj) : warning LNK4099: PDB 'SPIRV-Tools-opt.pdb' was not found with 'spirv-tools-opt.lib(inline_pass.obj)' or at 'C:\Users\Alberto\source\repos\GROTESK\x64\Release\SPIRV-Tools-opt.pdb'; linking object as if no debug info
spirv-tools-opt.lib(register_pressure.obj) : warning LNK4099: PDB 'SPIRV-Tools-opt.pdb' was not found with 'spirv-tools-opt.lib(register_pressure.obj)' or at 'C:\Users\Alberto\source\repos\GROTESK\x64\Release\SPIRV-Tools-opt.pdb'; linking object as if no debug info
spirv-tools-opt.lib(scalar_analysis.obj) : warning LNK4099: PDB 'SPIRV-Tools-opt.pdb' was not found with 'spirv-tools-opt.lib(scalar_analysis.obj)' or at 'C:\Users\Alberto\source\repos\GROTESK\x64\Release\SPIRV-Tools-opt.pdb'; linking object as if no debug info
spirv-tools-opt.lib(loop_dependence.obj) : warning LNK4099: PDB 'SPIRV-Tools-opt.pdb' was not found with 'spirv-tools-opt.lib(loop_dependence.obj)' or at 'C:\Users\Alberto\source\repos\GROTESK\x64\Release\SPIRV-Tools-opt.pdb'; linking object as if no debug info
spirv-tools-opt.lib(loop_utils.obj) : warning LNK4099: PDB 'SPIRV-Tools-opt.pdb' was not found with 'spirv-tools-opt.lib(loop_utils.obj)' or at 'C:\Users\Alberto\source\repos\GROTESK\x64\Release\SPIRV-Tools-opt.pdb'; linking object as if no debug info
spirv-tools-opt.lib(loop_fusion.obj) : warning LNK4099: PDB 'SPIRV-Tools-opt.pdb' was not found with 'spirv-tools-opt.lib(loop_fusion.obj)' or at 'C:\Users\Alberto\source\repos\GROTESK\x64\Release\SPIRV-Tools-opt.pdb'; linking object as if no debug info
spirv-tools-opt.lib(scalar_analysis_simplification.obj) : warning LNK4099: PDB 'SPIRV-Tools-opt.pdb' was not found with 'spirv-tools-opt.lib(scalar_analysis_simplification.obj)' or at 'C:\Users\Alberto\source\repos\GROTESK\x64\Release\SPIRV-Tools-opt.pdb'; linking object as if no debug info
spirv-tools-opt.lib(loop_dependence_helpers.obj) : warning LNK4099: PDB 'SPIRV-Tools-opt.pdb' was not found with 'spirv-tools-opt.lib(loop_dependence_helpers.obj)' or at 'C:\Users\Alberto\source\repos\GROTESK\x64\Release\SPIRV-Tools-opt.pdb'; linking object as if no debug info
spirv-tools.lib(libspirv.obj) : warning LNK4099: PDB 'SPIRV-Tools.pdb' was not found with 'spirv-tools.lib(libspirv.obj)' or at 'C:\Users\Alberto\source\repos\GROTESK\x64\Release\SPIRV-Tools.pdb'; linking object as if no debug info
spirv-tools.lib(bit_vector.obj) : warning LNK4099: PDB 'SPIRV-Tools.pdb' was not found with 'spirv-tools.lib(bit_vector.obj)' or at 'C:\Users\Alberto\source\repos\GROTESK\x64\Release\SPIRV-Tools.pdb'; linking object as if no debug info
  GROTESK.vcxproj -> C:\Users\Alberto\source\repos\GROTESK\x64\Release\GROTESK.exe
  'pwsh.exe' is not recognized as an internal or external command,
  operable program or batch file.
